Building DAG of jobs...
Using shell: /bin/bash
Provided cores: 1
Rules claiming more threads will be scaled down.
Job counts:
	count	jobs
	1	all
	2	bowtie2
	2	build_index_bowtie2
	2	busco
	2	check_header_fasta
	2	evaluate_assembly_ALE
	2	evaluate_assembly_REAPR
	2	samtools_index
	2	samtools_sort
	17

[Wed Mar 20 19:07:06 2019]
rule busco:
    input: dataset/example/, dataset/assembly_2.fa
    output: evaluate_assembly/Sample2/busco/BUSCO_Sample2.finished
    jobid: 1
    wildcards: sample=Sample2

[Wed Mar 20 19:07:06 2019]
Finished job 1.
1 of 17 steps (6%) done

[Wed Mar 20 19:07:06 2019]
rule busco:
    input: dataset/example/, dataset/assembly.fa
    output: evaluate_assembly/Sample1/busco/BUSCO_Sample1.finished
    jobid: 2
    wildcards: sample=Sample1

[Wed Mar 20 19:07:06 2019]
Finished job 2.
2 of 17 steps (12%) done

[Wed Mar 20 19:07:06 2019]
rule check_header_fasta:
    input: dataset/assembly_2.fa
    output: evaluate_assembly/Sample2/FACHECK_ok.txt
    jobid: 15
    wildcards: sample=Sample2

[Wed Mar 20 19:07:07 2019]
Finished job 15.
3 of 17 steps (18%) done

[Wed Mar 20 19:07:07 2019]
rule build_index_bowtie2:
    input: evaluate_assembly/Sample2/FACHECK_ok.txt, dataset/assembly_2.fa
    output: evaluate_assembly/Sample2/Sample2.index_built
    jobid: 13
    wildcards: sample=Sample2

[Wed Mar 20 19:07:08 2019]
Finished job 13.
4 of 17 steps (24%) done

[Wed Mar 20 19:07:08 2019]
rule check_header_fasta:
    input: dataset/assembly.fa
    output: evaluate_assembly/Sample1/FACHECK_ok.txt
    jobid: 16
    wildcards: sample=Sample1

[Wed Mar 20 19:07:09 2019]
Finished job 16.
5 of 17 steps (29%) done

[Wed Mar 20 19:07:09 2019]
rule build_index_bowtie2:
    input: evaluate_assembly/Sample1/FACHECK_ok.txt, dataset/assembly.fa
    output: evaluate_assembly/Sample1/Sample1.index_built
    jobid: 14
    wildcards: sample=Sample1

[Wed Mar 20 19:07:10 2019]
Finished job 14.
6 of 17 steps (35%) done

[Wed Mar 20 19:07:10 2019]
rule bowtie2:
    input: fastq/reads_shortinsert_1.fastq, fastq/reads_shortinsert_2.fastq, evaluate_assembly/Sample1/Sample1.index_built
    output: evaluate_assembly/Sample1/Sample1.bam
    log: evaluate_assembly/logs/Sample1_bowtie2.log
    jobid: 8
    wildcards: sample=Sample1

[Wed Mar 20 19:07:12 2019]
Finished job 8.
7 of 17 steps (41%) done

[Wed Mar 20 19:07:12 2019]
rule evaluate_assembly_ALE:
    input: dataset/assembly.fa, evaluate_assembly/Sample1/Sample1.bam
    output: evaluate_assembly/Sample1/ALEScore_Sample1.finished
    jobid: 4
    benchmark: evaluate_assembly/benchmark/Sample1_ALE.log
    wildcards: sample=Sample1

[Wed Mar 20 19:07:13 2019]
Finished job 4.
8 of 17 steps (47%) done

[Wed Mar 20 19:07:13 2019]
rule bowtie2:
    input: fastq/reads_shortinsert_1.fastq, fastq/reads_shortinsert_2.fastq, evaluate_assembly/Sample2/Sample2.index_built
    output: evaluate_assembly/Sample2/Sample2.bam
    log: evaluate_assembly/logs/Sample2_bowtie2.log
    jobid: 7
    wildcards: sample=Sample2

[Wed Mar 20 19:07:15 2019]
Finished job 7.
9 of 17 steps (53%) done

[Wed Mar 20 19:07:15 2019]
rule evaluate_assembly_ALE:
    input: dataset/assembly_2.fa, evaluate_assembly/Sample2/Sample2.bam
    output: evaluate_assembly/Sample2/ALEScore_Sample2.finished
    jobid: 3
    benchmark: evaluate_assembly/benchmark/Sample2_ALE.log
    wildcards: sample=Sample2

[Wed Mar 20 19:07:16 2019]
Finished job 3.
10 of 17 steps (59%) done

[Wed Mar 20 19:07:16 2019]
rule samtools_sort:
    input: evaluate_assembly/Sample2/Sample2.bam
    output: evaluate_assembly/Sample2/Sample2.sorted.bam
    jobid: 9
    wildcards: sample=Sample2

[Wed Mar 20 19:07:18 2019]
Finished job 9.
11 of 17 steps (65%) done

[Wed Mar 20 19:07:18 2019]
rule samtools_sort:
    input: evaluate_assembly/Sample1/Sample1.bam
    output: evaluate_assembly/Sample1/Sample1.sorted.bam
    jobid: 12
    wildcards: sample=Sample1

[Wed Mar 20 19:07:20 2019]
Finished job 12.
12 of 17 steps (71%) done

[Wed Mar 20 19:07:20 2019]
rule samtools_index:
    input: evaluate_assembly/Sample2/Sample2.sorted.bam
    output: evaluate_assembly/Sample2/Sample2.bam.bai
    jobid: 10
    wildcards: sample=Sample2

[Wed Mar 20 19:07:21 2019]
Finished job 10.
13 of 17 steps (76%) done

[Wed Mar 20 19:07:21 2019]
rule evaluate_assembly_REAPR:
    input: dataset/assembly_2.fa, evaluate_assembly/Sample2/Sample2.bam.bai, evaluate_assembly/Sample2/Sample2.sorted.bam
    output: evaluate_assembly/Sample2/REAPR_Sample2.finished
    jobid: 5
    benchmark: evaluate_assembly/benchmark/Sample2_REAPR.log
    wildcards: sample=Sample2

[Wed Mar 20 19:07:43 2019]
Finished job 5.
14 of 17 steps (82%) done

[Wed Mar 20 19:07:43 2019]
rule samtools_index:
    input: evaluate_assembly/Sample1/Sample1.sorted.bam
    output: evaluate_assembly/Sample1/Sample1.bam.bai
    jobid: 11
    wildcards: sample=Sample1

[Wed Mar 20 19:07:44 2019]
Finished job 11.
15 of 17 steps (88%) done

[Wed Mar 20 19:07:44 2019]
rule evaluate_assembly_REAPR:
    input: dataset/assembly.fa, evaluate_assembly/Sample1/Sample1.bam.bai, evaluate_assembly/Sample1/Sample1.sorted.bam
    output: evaluate_assembly/Sample1/REAPR_Sample1.finished
    jobid: 6
    benchmark: evaluate_assembly/benchmark/Sample1_REAPR.log
    wildcards: sample=Sample1

[Wed Mar 20 19:08:03 2019]
Finished job 6.
16 of 17 steps (94%) done

[Wed Mar 20 19:08:03 2019]
localrule all:
    input: evaluate_assembly/Sample1/ALEScore_Sample1.finished, evaluate_assembly/Sample2/ALEScore_Sample2.finished, evaluate_assembly/Sample1/REAPR_Sample1.finished, evaluate_assembly/Sample2/REAPR_Sample2.finished, evaluate_assembly/Sample1/busco/BUSCO_Sample1.finished, evaluate_assembly/Sample2/busco/BUSCO_Sample2.finished
    jobid: 0

[Wed Mar 20 19:08:03 2019]
Finished job 0.
17 of 17 steps (100%) done
Complete log: /array/rodtheo/programas/snakemake_pipelines/evaluate_assemblies/.snakemake/log/2019-03-20T190705.774564.snakemake.log
